2025-09-12 21:01:33 | INFO     | main:search_jobs:53 - Processing resume: Husain_Baghwala.pdf
2025-09-12 21:01:33 | INFO     | services.resume_parser:parse_pdf:84 - Extracted 3603 characters from resume
2025-09-12 21:01:33 | WARNING  | services.resume_parser:_extract_keywords:225 - Keyword extraction failed: 
**********************************************************************
  Resource [93mpunkt_tab[0m not found.
  Please use the NLTK Downloader to obtain the resource:

  [31m>>> import nltk
  >>> nltk.download('punkt_tab')
  [0m
  For more information see: https://www.nltk.org/data.html

  Attempted to load [93mtokenizers/punkt_tab/english/[0m

  Searched in:
    - '/Users/husain_bw/nltk_data'
    - '/Library/Frameworks/Python.framework/Versions/3.11/nltk_data'
    - '/Library/Frameworks/Python.framework/Versions/3.11/share/nltk_data'
    - '/Library/Frameworks/Python.framework/Versions/3.11/lib/nltk_data'
    - '/usr/share/nltk_data'
    - '/usr/local/share/nltk_data'
    - '/usr/lib/nltk_data'
    - '/usr/local/lib/nltk_data'
**********************************************************************

2025-09-12 21:01:33 | INFO     | main:search_jobs:57 - Searching LinkedIn jobs for skills: ['python', 'pandas', 'postman', 'postgresql', 'git']
2025-09-12 21:01:33 | INFO     | services.linkedin_scraper:search_jobs:101 - Starting LinkedIn job search for skills: ['python', 'pandas', 'postman', 'postgresql', 'git']
2025-09-12 21:01:33 | INFO     | services.linkedin_scraper:_search_with_requests:148 - Scraping page 1: https://www.linkedin.com/jobs/search?keywords=python+OR+pandas+OR+postman+OR+postgresql+OR+git&location=United+States&f_TPR=r2592000&f_JT=F&start=0
2025-09-12 21:01:39 | INFO     | services.linkedin_scraper:search_jobs:119 - Found 20 unique jobs
2025-09-12 21:01:39 | INFO     | services.job_matcher:rank_jobs:37 - Ranking 20 jobs against resume
2025-09-12 21:01:39 | INFO     | services.job_matcher:rank_jobs:48 - Top job match: Python Software Engineer - Remote at Lensa (Score: 34.94)
2025-09-15 17:40:25 | INFO     | main:search_jobs:53 - Processing resume: Husain_Baghwala.pdf
2025-09-15 17:40:26 | INFO     | services.resume_parser:parse_pdf:84 - Extracted 3603 characters from resume
2025-09-15 17:40:26 | WARNING  | services.resume_parser:_extract_keywords:225 - Keyword extraction failed: 
**********************************************************************
  Resource [93mpunkt_tab[0m not found.
  Please use the NLTK Downloader to obtain the resource:

  [31m>>> import nltk
  >>> nltk.download('punkt_tab')
  [0m
  For more information see: https://www.nltk.org/data.html

  Attempted to load [93mtokenizers/punkt_tab/english/[0m

  Searched in:
    - '/Users/husain_bw/nltk_data'
    - '/Library/Frameworks/Python.framework/Versions/3.11/nltk_data'
    - '/Library/Frameworks/Python.framework/Versions/3.11/share/nltk_data'
    - '/Library/Frameworks/Python.framework/Versions/3.11/lib/nltk_data'
    - '/usr/share/nltk_data'
    - '/usr/local/share/nltk_data'
    - '/usr/lib/nltk_data'
    - '/usr/local/lib/nltk_data'
**********************************************************************

2025-09-15 17:40:26 | INFO     | main:search_jobs:57 - Searching LinkedIn jobs for skills: ['c++', 'sql', 'node.js', 'pandas', 'jupyter']
2025-09-15 17:40:26 | INFO     | services.linkedin_scraper:search_jobs:101 - Starting LinkedIn job search for skills: ['c++', 'sql', 'node.js', 'pandas', 'jupyter']
2025-09-15 17:40:26 | INFO     | services.linkedin_scraper:_search_with_requests:148 - Scraping page 1: https://www.linkedin.com/jobs/search?keywords=c%2B%2B+OR+sql+OR+node.js+OR+pandas+OR+jupyter&location=United+States&f_TPR=r2592000&f_JT=F&start=0
2025-09-15 17:40:31 | INFO     | services.linkedin_scraper:search_jobs:119 - Found 20 unique jobs
2025-09-15 17:40:31 | INFO     | services.job_matcher:rank_jobs:37 - Ranking 20 jobs against resume
2025-09-15 17:40:31 | INFO     | services.job_matcher:rank_jobs:48 - Top job match: Senior Software Engineer at Scouto AI (Score: 36.72)
2025-09-15 22:31:07 | INFO     | main:search_jobs:53 - Processing resume: Husain_Baghwala.pdf
2025-09-15 22:31:07 | INFO     | services.resume_parser:parse_pdf:84 - Extracted 3603 characters from resume
2025-09-15 22:31:07 | WARNING  | services.resume_parser:_extract_keywords:225 - Keyword extraction failed: 
**********************************************************************
  Resource [93mpunkt_tab[0m not found.
  Please use the NLTK Downloader to obtain the resource:

  [31m>>> import nltk
  >>> nltk.download('punkt_tab')
  [0m
  For more information see: https://www.nltk.org/data.html

  Attempted to load [93mtokenizers/punkt_tab/english/[0m

  Searched in:
    - '/Users/husain_bw/nltk_data'
    - '/Library/Frameworks/Python.framework/Versions/3.11/nltk_data'
    - '/Library/Frameworks/Python.framework/Versions/3.11/share/nltk_data'
    - '/Library/Frameworks/Python.framework/Versions/3.11/lib/nltk_data'
    - '/usr/share/nltk_data'
    - '/usr/local/share/nltk_data'
    - '/usr/lib/nltk_data'
    - '/usr/local/lib/nltk_data'
**********************************************************************

2025-09-15 22:31:07 | INFO     | main:search_jobs:57 - Searching LinkedIn jobs for skills: ['go', 'sql', 'python', 'node.js', 'postgresql']
2025-09-15 22:31:11 | INFO     | services.job_matcher:rank_jobs:37 - Ranking 20 jobs against resume
2025-09-15 22:31:12 | INFO     | services.job_matcher:rank_jobs:48 - Top job match: Software Engineer, 2025 Recent Graduate at Duolingo (Score: 32.72)
2025-09-17 10:04:19 | INFO     | api.index:find_candidates:100 - Searching candidates for job: Senior Python Developer at TechCorp Inc
2025-09-17 10:04:19 | INFO     | api.index:find_candidates:111 - Searching candidates with skills: ['Python', 'Django', 'FastAPI', 'AWS', 'PostgreSQL']
2025-09-17 10:14:31 | INFO     | api.index:find_candidates:100 - Searching candidates for job: Full Stack Developer at StartupXYZ
2025-09-17 10:14:31 | INFO     | api.index:find_candidates:111 - Searching candidates with skills: ['JavaScript', 'React', 'Node.js', 'Python', 'AWS']
2025-09-17 10:14:49 | INFO     | api.index:find_candidates:100 - Searching candidates for job: Senior Data Scientist at DataCorp
2025-09-17 10:14:49 | INFO     | api.index:find_candidates:111 - Searching candidates with skills: ['Python', 'Machine Learning', 'TensorFlow', 'Statistics', 'AWS']
2025-09-17 10:15:10 | INFO     | api.index:find_candidates:100 - Searching candidates for job: DevOps Engineer at CloudTech Solutions
2025-09-17 10:15:10 | INFO     | api.index:find_candidates:111 - Searching candidates with skills: ['AWS', 'Docker', 'Kubernetes', 'Jenkins', 'DevOps']
2025-09-17 12:46:51 | INFO     | api.index:find_candidates_simple:159 - Parsing job description text (741 chars) for company: TechCorp Inc
2025-09-17 12:46:51 | INFO     | api.index:find_candidates_simple:164 - Parsed job: Senior Python Developer - TechCorp Inc | Skills: ['Python', 'Go', 'Django']
2025-09-17 12:47:08 | INFO     | api.index:find_candidates_simple:159 - Parsing job description text (838 chars) for company: StartupXYZ
2025-09-17 12:47:08 | INFO     | api.index:find_candidates_simple:164 - Parsed job: Full Stack Developer Opportunity | Skills: ['JavaScript', 'Java', 'Go']
2025-09-17 12:47:26 | INFO     | api.index:find_candidates_simple:159 - Parsing job description text (918 chars) for company: DataCorp AI
2025-09-17 12:47:26 | INFO     | api.index:find_candidates_simple:164 - Parsed job: Data Scientist - AI/ML Focus | Skills: ['Data Science']
2025-09-17 12:47:43 | INFO     | api.index:find_candidates_simple:159 - Parsing job description text (103 chars) for company: Unknown
2025-09-17 12:47:43 | INFO     | api.index:find_candidates_simple:164 - Parsed job: Looking for a Python developer with Django experience for our startup in NYC. Must know AWS and Docker. | Skills: ['Go', 'Django', 'AWS']
2025-09-17 14:52:18 | INFO     | api.index:find_candidates_simple:159 - Parsing job description text (741 chars) for company: TechCorp Inc
2025-09-17 14:52:18 | INFO     | api.index:find_candidates_simple:164 - Parsed job: Senior Python Developer - TechCorp Inc | Skills: ['Python', 'Go', 'Django']
2025-09-17 14:52:39 | INFO     | api.index:find_candidates_simple:159 - Parsing job description text (838 chars) for company: StartupXYZ
2025-09-17 14:52:39 | INFO     | api.index:find_candidates_simple:164 - Parsed job: Full Stack Developer Opportunity | Skills: ['JavaScript', 'Java', 'Go']
2025-09-17 14:52:55 | INFO     | api.index:find_candidates_simple:159 - Parsing job description text (918 chars) for company: DataCorp AI
2025-09-17 14:52:55 | INFO     | api.index:find_candidates_simple:164 - Parsed job: Data Scientist - AI/ML Focus | Skills: ['Data Science']
2025-09-17 15:15:42 | INFO     | api.index:find_candidates_simple:159 - Parsing job description text (228 chars) for company: TechCorp Inc
2025-09-17 15:15:45 | INFO     | api.index:find_candidates_simple:164 - Parsed job: Senior Python Developer | Skills: ['Python', 'Django', 'FastAPI']
2025-09-17 15:29:14 | INFO     | api.index:find_candidates_simple:159 - Parsing job description text (228 chars) for company: TechCorp Inc
2025-09-17 15:29:16 | INFO     | api.index:find_candidates_simple:164 - Parsed job: Senior Python Developer | Skills: ['Python', 'Django', 'FastAPI']
2025-09-17 15:32:58 | INFO     | api.index:find_candidates_simple:160 - Parsing job description text (136 chars) for company: TechCorp Inc
2025-09-17 15:33:00 | INFO     | api.index:find_candidates_simple:165 - Parsed job: Senior Python Developer | Skills: ['Python', 'Django', 'AWS']
2025-09-17 15:35:36 | INFO     | api.index:find_candidates_simple:160 - Parsing job description text (136 chars) for company: TechCorp Inc
2025-09-17 15:35:38 | INFO     | api.index:find_candidates_simple:165 - Parsed job: Senior Python Developer | Skills: ['Python', 'Django', 'AWS']
2025-09-17 15:38:58 | INFO     | api.index:find_candidates_simple:160 - Parsing job description text (53 chars) for company: Unknown
2025-09-17 15:39:00 | INFO     | api.index:find_candidates_simple:165 - Parsed job: Senior Python Developer with Django experience | Skills: ['Python', 'Django']
2025-09-17 15:39:00 | INFO     | api.index:find_candidates_simple:170 - Searching for candidates with skills: ['Python', 'Django']
2025-09-17 15:39:16 | INFO     | api.index:find_candidates_simple:178 - Found 0 raw candidates
2025-09-17 15:40:04 | INFO     | api.index:find_candidates_simple:160 - Parsing job description text (23 chars) for company: Unknown
2025-09-17 15:40:13 | INFO     | api.index:find_candidates_simple:165 - Parsed job: Python Developer | Skills: ['Python']
2025-09-17 15:40:13 | INFO     | api.index:find_candidates_simple:170 - Searching for candidates with skills: ['Python']
2025-09-17 15:40:23 | INFO     | api.index:find_candidates_simple:178 - Found 0 raw candidates
2025-09-17 15:50:34 | INFO     | api.index:find_candidates_simple:160 - Parsing job description text (23 chars) for company: Unknown
2025-09-17 15:50:36 | INFO     | api.index:find_candidates_simple:165 - Parsed job: Python Developer | Skills: ['Python programming']
2025-09-17 15:50:36 | INFO     | api.index:find_candidates_simple:170 - Searching for candidates with skills: ['Python programming']
2025-09-17 15:50:48 | INFO     | api.index:find_candidates_simple:178 - Found 0 raw candidates
2025-09-17 15:51:58 | INFO     | api.index:find_candidates_simple:160 - Parsing job description text (103 chars) for company: TechCorp
2025-09-17 15:52:03 | INFO     | api.index:find_candidates_simple:165 - Parsed job: Senior Python Developer | Skills: ['Python', 'Django', 'AWS']
2025-09-17 15:52:03 | INFO     | api.index:find_candidates_simple:170 - Searching for candidates with skills: ['Python', 'Django', 'AWS']
2025-09-17 15:52:03 | INFO     | api.index:find_candidates_simple:178 - Found 5 raw candidates
2025-09-17 15:52:21 | INFO     | api.index:find_candidates_simple:160 - Parsing job description text (228 chars) for company: TechCorp Inc
2025-09-17 15:52:22 | INFO     | api.index:find_candidates_simple:165 - Parsed job: Senior Python Developer | Skills: ['Python', 'Django', 'FastAPI']
2025-09-17 15:52:22 | INFO     | api.index:find_candidates_simple:170 - Searching for candidates with skills: ['Python', 'Django', 'FastAPI', 'AWS', 'Docker', 'Kubernetes']
2025-09-17 15:52:22 | INFO     | api.index:find_candidates_simple:178 - Found 10 raw candidates
